<?xml version="1.0" encoding="UTF-8"?>
<testng-results skipped="0" failed="0" ignored="0" total="1" passed="1">
  <reporter-output>
  </reporter-output>
  <suite name="Default suite" duration-ms="130" started-at="2019-12-04T15:33:47 IST" finished-at="2019-12-04T15:33:48 IST">
    <groups>
    </groups>
    <test name="Default test" duration-ms="130" started-at="2019-12-04T15:33:47 IST" finished-at="2019-12-04T15:33:48 IST">
      <class name="test001.test001.NewTest">
        <test-method status="PASS" signature="f()[pri:0, instance:test001.test001.NewTest@3327bd23]" name="f" duration-ms="27" started-at="2019-12-04T15:33:48 IST" finished-at="2019-12-04T15:33:48 IST">
          <reporter-output>
          </reporter-output>
        </test-method> <!-- f -->
      </class> <!-- test001.test001.NewTest -->
    </test> <!-- Default test -->
  </suite> <!-- Default suite -->
</testng-results>
